<?xml version="1.0" encoding="UTF-8"?>
<!-- Generated by org.testng.reporters.JUnitReportReporter -->
<testsuite skipped="0" hostname="MXITD026" name="DemoPageTestCases.RegisterPageTestCases" tests="1" failures="0" timestamp="02 Mar 2020 13:12:53 GMT" time="14.068" errors="0">
  <testcase name="RegPage" time="14.068" classname="DemoPageTestCases.RegisterPageTestCases"/>
</testsuite> <!-- DemoPageTestCases.RegisterPageTestCases -->
