<?xml version="1.0" encoding="UTF-8"?>
<!-- Generated by org.testng.reporters.JUnitReportReporter -->
<testsuite skipped="0" hostname="MXITD026" name="HomePage.MaxHire1" tests="1" failures="0" timestamp="18 Feb 2020 12:24:43 GMT" time="11.201" errors="0">
  <testcase name="Homepage" time="11.201" classname="HomePage.MaxHire1"/>
</testsuite> <!-- HomePage.MaxHire1 -->
