<?xml version="1.0" encoding="UTF-8"?>
<!-- Generated by org.testng.reporters.JUnitReportReporter -->
<testsuite skipped="0" hostname="MXITD026" name="HomePage.FrameTest" tests="1" failures="0" timestamp="06 Feb 2020 11:03:32 GMT" time="16.042" errors="0">
  <testcase name="FrameDemo" time="16.042" classname="HomePage.FrameTest"/>
</testsuite> <!-- HomePage.FrameTest -->
