<?xml version="1.0" encoding="UTF-8"?>
<!-- Generated by org.testng.reporters.JUnitReportReporter -->
<testsuite skipped="0" hostname="MXITD026" name="EHourTestcases.EhourLogin" tests="1" failures="0" timestamp="27 Feb 2020 11:46:59 GMT" time="12.963" errors="0">
  <testcase name="VerifyValidLogin" time="12.963" classname="EHourTestcases.EhourLogin"/>
</testsuite> <!-- EHourTestcases.EhourLogin -->
