<?xml version="1.0" encoding="UTF-8"?>
<!-- Generated by org.testng.reporters.JUnitReportReporter -->
<testsuite skipped="0" hostname="MXITD026" name="HomePage.Calendar1" tests="1" failures="0" timestamp="10 Feb 2020 13:07:49 GMT" time="30.777" errors="0">
  <testcase name="CalendarDemo" time="30.777" classname="HomePage.Calendar1"/>
</testsuite> <!-- HomePage.Calendar1 -->
