<?xml version="1.0" encoding="UTF-8"?>
<!-- Generated by org.testng.reporters.JUnitReportReporter -->
<testsuite skipped="0" hostname="MXITD026" name="HomePage.SliderTest" tests="1" failures="0" timestamp="12 Feb 2020 12:51:35 GMT" time="12.846" errors="0">
  <testcase name="SlideTest" time="12.846" classname="HomePage.SliderTest"/>
</testsuite> <!-- HomePage.SliderTest -->
